<?xml version="1.0" encoding="UTF-8"?>
<!-- Generated by org.testng.reporters.JUnitXMLReporter -->
<testsuite ignored="1" hostname="M262LTRV" failures="0" tests="1" name="Default test(failed)" time="5.469" errors="0" timestamp="2023-10-27T20:54:52 IST">
  <testcase classname="com.TestNGLearning.RunOnlyFailedTests" name="titleDisplay" time="0.025"/>
  <testcase classname="com.TestNGLearning.RunOnlyFailedTests" name="LoginButtonDisplay" time="0.0">
    <ignored/>
  </testcase> <!-- LoginButtonDisplay -->
</testsuite> <!-- Default test(failed) -->
